2021-11-11 17:30:52.558  INFO 9684 --- [restartedMain] c.e.c.CustomerServiceApplication         : Starting CustomerServiceApplication using Java 1.8.0_291 on LAPTOP-7JB7M67G with PID 9684 (J:\spring starter\customer-service\customer-service\build\classes\java\main started by JAGADEESH in J:\spring starter\customer-service\customer-service)
2021-11-11 17:30:52.560  INFO 9684 --- [restartedMain] c.e.c.CustomerServiceApplication         : No active profile set, falling back to default profiles: default
2021-11-11 17:30:52.724  INFO 9684 --- [restartedMain] .e.DevToolsPropertyDefaultsPostProcessor : Devtools property defaults active! Set 'spring.devtools.add-properties' to 'false' to disable
2021-11-11 17:30:52.728  INFO 9684 --- [restartedMain] .e.DevToolsPropertyDefaultsPostProcessor : For additional web related logging consider setting the 'logging.level.web' property to 'DEBUG'
2021-11-11 17:30:55.952  INFO 9684 --- [restartedMain] .s.d.r.c.RepositoryConfigurationDelegate : Bootstrapping Spring Data JPA repositories in DEFAULT mode.
2021-11-11 17:30:56.061  INFO 9684 --- [restartedMain] .s.d.r.c.RepositoryConfigurationDelegate : Finished Spring Data repository scanning in 81 ms. Found 1 JPA repository interfaces.
2021-11-11 17:30:58.040  INFO 9684 --- [restartedMain] o.s.b.w.embedded.tomcat.TomcatWebServer  : Tomcat initialized with port(s): 8080 (http)
2021-11-11 17:30:58.060  INFO 9684 --- [restartedMain] o.apache.catalina.core.StandardService   : Starting service [Tomcat]
2021-11-11 17:30:58.061  INFO 9684 --- [restartedMain] org.apache.catalina.core.StandardEngine  : Starting Servlet engine: [Apache Tomcat/9.0.54]
2021-11-11 17:30:58.259  INFO 9684 --- [restartedMain] o.a.c.c.C.[Tomcat].[localhost].[/]       : Initializing Spring embedded WebApplicationContext
2021-11-11 17:30:58.260  INFO 9684 --- [restartedMain] w.s.c.ServletWebServerApplicationContext : Root WebApplicationContext: initialization completed in 5521 ms
2021-11-11 17:30:58.812  INFO 9684 --- [restartedMain] o.hibernate.jpa.internal.util.LogHelper  : HHH000204: Processing PersistenceUnitInfo [name: default]
2021-11-11 17:30:58.959  INFO 9684 --- [restartedMain] org.hibernate.Version                    : HHH000412: Hibernate ORM core version 5.4.32.Final
2021-11-11 17:30:59.240  INFO 9684 --- [restartedMain] o.hibernate.annotations.common.Version   : HCANN000001: Hibernate Commons Annotations {5.1.2.Final}
2021-11-11 17:30:59.424  INFO 9684 --- [restartedMain] com.zaxxer.hikari.HikariDataSource       : HikariPool-1 - Starting...
2021-11-11 17:30:59.429  WARN 9684 --- [restartedMain] com.zaxxer.hikari.util.DriverDataSource  : Registered driver with driverClassName=com.mysql.jdbc.Driver was not found, trying direct instantiation.
2021-11-11 17:31:00.623  INFO 9684 --- [restartedMain] com.zaxxer.hikari.HikariDataSource       : HikariPool-1 - Start completed.
2021-11-11 17:31:00.665  INFO 9684 --- [restartedMain] org.hibernate.dialect.Dialect            : HHH000400: Using dialect: org.hibernate.dialect.MySQL5Dialect
2021-11-11 17:31:03.480  INFO 9684 --- [restartedMain] o.h.e.t.j.p.i.JtaPlatformInitiator       : HHH000490: Using JtaPlatform implementation: [org.hibernate.engine.transaction.jta.platform.internal.NoJtaPlatform]
2021-11-11 17:31:03.511  INFO 9684 --- [restartedMain] j.LocalContainerEntityManagerFactoryBean : Initialized JPA EntityManagerFactory for persistence unit 'default'
2021-11-11 17:31:04.444  WARN 9684 --- [restartedMain] JpaBaseConfiguration$JpaWebConfiguration : spring.jpa.open-in-view is enabled by default. Therefore, database queries may be performed during view rendering. Explicitly configure spring.jpa.open-in-view to disable this warning
2021-11-11 17:31:05.359  INFO 9684 --- [restartedMain] o.s.b.d.a.OptionalLiveReloadServer       : LiveReload server is running on port 35729
2021-11-11 17:31:05.424  INFO 9684 --- [restartedMain] o.s.b.w.embedded.tomcat.TomcatWebServer  : Tomcat started on port(s): 8080 (http) with context path ''
2021-11-11 17:31:05.444  INFO 9684 --- [restartedMain] c.e.c.CustomerServiceApplication         : Started CustomerServiceApplication in 13.842 seconds (JVM running for 14.948)
2021-11-11 17:31:45.060  INFO 9684 --- [http-nio-8080-exec-2] o.a.c.c.C.[Tomcat].[localhost].[/]       : Initializing Spring DispatcherServlet 'dispatcherServlet'
2021-11-11 17:31:45.061  INFO 9684 --- [http-nio-8080-exec-2] o.s.web.servlet.DispatcherServlet        : Initializing Servlet 'dispatcherServlet'
2021-11-11 17:31:45.063  INFO 9684 --- [http-nio-8080-exec-2] o.s.web.servlet.DispatcherServlet        : Completed initialization in 2 ms
2021-11-11 17:31:45.141  INFO 9684 --- [http-nio-8080-exec-2] c.e.c.controller.CustomerController      : customerid1
